<?xml version="1.0" encoding="UTF-8"?>
<coverage generated="1648453468665" clover="3.2.0">
  <project timestamp="1648453468665" name="All files">
    <metrics statements="12" coveredstatements="8" conditionals="8" coveredconditionals="4" methods="5" coveredmethods="4" elements="25" coveredelements="16" complexity="0" loc="12" ncloc="12" packages="1" files="1" classes="1"/>
    <file name="index.ts" path="/Users/dasouche/Documents/myProject/react-autocomplete/src/utils/index.ts">
      <metrics statements="12" coveredstatements="8" conditionals="8" coveredconditionals="4" methods="5" coveredmethods="4"/>
      <line num="13" count="2" type="stmt"/>
      <line num="15" count="1" type="cond" truecount="1" falsecount="1"/>
      <line num="18" count="3" type="stmt"/>
      <line num="19" count="3" type="stmt"/>
      <line num="20" count="3" type="cond" truecount="2" falsecount="0"/>
      <line num="21" count="3" type="cond" truecount="1" falsecount="1"/>
      <line num="22" count="0" type="stmt"/>
      <line num="23" count="0" type="stmt"/>
      <line num="24" count="0" type="stmt"/>
      <line num="26" count="0" type="cond" truecount="0" falsecount="2"/>
      <line num="28" count="3" type="stmt"/>
      <line num="29" count="1" type="stmt"/>
    </file>
  </project>
</coverage>
