{"/Users/dasouche/Documents/myProject/react-autocomplete/src/utils/index.ts": {"path":"/Users/dasouche/Documents/myProject/react-autocomplete/src/utils/index.ts","statementMap":{"0":{"start":{"line":13,"column":2},"end":{"line":33,"column":3}},"1":{"start":{"line":15,"column":6},"end":{"line":15,"column":37}},"2":{"start":{"line":15,"column":17},"end":{"line":15,"column":37}},"3":{"start":{"line":18,"column":20},"end":{"line":18,"column":24}},"4":{"start":{"line":19,"column":17},"end":{"line":19,"column":26}},"5":{"start":{"line":20,"column":6},"end":{"line":20,"column":37}},"6":{"start":{"line":20,"column":17},"end":{"line":20,"column":37}},"7":{"start":{"line":21,"column":6},"end":{"line":31,"column":7}},"8":{"start":{"line":22,"column":22},"end":{"line":22,"column":28}},"9":{"start":{"line":23,"column":8},"end":{"line":25,"column":16}},"10":{"start":{"line":24,"column":10},"end":{"line":24,"column":23}},"11":{"start":{"line":26,"column":8},"end":{"line":26,"column":46}},"12":{"start":{"line":26,"column":21},"end":{"line":26,"column":46}},"13":{"start":{"line":28,"column":8},"end":{"line":30,"column":17}},"14":{"start":{"line":29,"column":10},"end":{"line":29,"column":35}}},"fnMap":{"0":{"name":"debounce","decl":{"start":{"line":11,"column":16},"end":{"line":11,"column":24}},"loc":{"start":{"line":11,"column":46},"end":{"line":34,"column":1}},"line":11},"1":{"name":"(anonymous_1)","decl":{"start":{"line":14,"column":10},"end":{"line":14,"column":11}},"loc":{"start":{"line":14,"column":22},"end":{"line":16,"column":5}},"line":14},"2":{"name":"(anonymous_2)","decl":{"start":{"line":17,"column":10},"end":{"line":17,"column":11}},"loc":{"start":{"line":17,"column":22},"end":{"line":32,"column":5}},"line":17},"3":{"name":"(anonymous_3)","decl":{"start":{"line":23,"column":27},"end":{"line":23,"column":28}},"loc":{"start":{"line":23,"column":33},"end":{"line":25,"column":9}},"line":23},"4":{"name":"(anonymous_4)","decl":{"start":{"line":28,"column":27},"end":{"line":28,"column":28}},"loc":{"start":{"line":28,"column":37},"end":{"line":30,"column":9}},"line":28}},"branchMap":{"0":{"loc":{"start":{"line":15,"column":6},"end":{"line":15,"column":37}},"type":"if","locations":[{"start":{"line":15,"column":6},"end":{"line":15,"column":37}},{"start":{},"end":{}}],"line":15},"1":{"loc":{"start":{"line":20,"column":6},"end":{"line":20,"column":37}},"type":"if","locations":[{"start":{"line":20,"column":6},"end":{"line":20,"column":37}},{"start":{},"end":{}}],"line":20},"2":{"loc":{"start":{"line":21,"column":6},"end":{"line":31,"column":7}},"type":"if","locations":[{"start":{"line":21,"column":6},"end":{"line":31,"column":7}},{"start":{"line":27,"column":13},"end":{"line":31,"column":7}}],"line":21},"3":{"loc":{"start":{"line":26,"column":8},"end":{"line":26,"column":46}},"type":"if","locations":[{"start":{"line":26,"column":8},"end":{"line":26,"column":46}},{"start":{},"end":{}}],"line":26}},"s":{"0":2,"1":1,"2":1,"3":3,"4":3,"5":3,"6":1,"7":3,"8":0,"9":0,"10":0,"11":0,"12":0,"13":3,"14":1},"f":{"0":2,"1":1,"2":3,"3":0,"4":1},"b":{"0":[1,0],"1":[1,2],"2":[0,3],"3":[0,0]},"_coverageSchema":"1a1c01bbd47fc00a2c39e90264f33305004495a9","hash":"79a28b1148885054090656301b5115cd8b018493"}
}
